[2021-09-11 00:37:07.456] [sharedprocess] [warning] No ptyHost heartbeat after 6 seconds
[2021-09-11 00:37:11.860] [sharedprocess] [info] [logs cleanup]: Starting to clean up old logs.
[2021-09-11 00:37:31.857] [sharedprocess] [info] [code cache cleanup]: Starting to clean up old code cache folders.
[2021-09-11 00:37:31.858] [sharedprocess] [info] [storage cleanup]: Starting to clean up storage folders.
[2021-09-11 00:37:41.856] [sharedprocess] [info] [language pack cache cleanup]: Starting to clean up unused language packs.
[2021-09-11 00:37:42.894] [sharedprocess] [info] Installing extension: ms-python.python
[2021-09-11 00:37:46.384] [sharedprocess] [info] Installing extension: ms-toolsai.jupyter
[2021-09-11 00:37:46.386] [sharedprocess] [info] Installing extension: ms-toolsai.jupyter-keymap
[2021-09-11 00:37:46.387] [sharedprocess] [info] Installing extension: ms-python.vscode-pylance
[2021-09-11 00:37:48.758] [sharedprocess] [info] Downloaded extension: ms-toolsai.jupyter-keymap /home/hieund/.config/Code/CachedExtensionVSIXs/ms-toolsai.jupyter-keymap-1.0.0
[2021-09-11 00:37:48.861] [sharedprocess] [info] Extracted extension to /home/hieund/.vscode/extensions/.5846b1ae-6a76-44f3-b878-d2acae84d347: ms-toolsai.jupyter-keymap
[2021-09-11 00:37:49.107] [sharedprocess] [info] Renamed to /home/hieund/.vscode/extensions/ms-toolsai.jupyter-keymap-1.0.0
[2021-09-11 00:37:49.109] [sharedprocess] [info] Extracting completed. ms-toolsai.jupyter-keymap
[2021-09-11 00:37:58.592] [sharedprocess] [info] Downloaded extension: ms-python.python /home/hieund/.config/Code/CachedExtensionVSIXs/ms-python.python-2021.9.1218897484
[2021-09-11 00:37:58.780] [sharedprocess] [info] Downloaded extension: ms-toolsai.jupyter /home/hieund/.config/Code/CachedExtensionVSIXs/ms-toolsai.jupyter-2021.8.2041215044
[2021-09-11 00:38:02.626] [sharedprocess] [info] Extracted extension to /home/hieund/.vscode/extensions/.f9701ae3-4986-42b1-b387-65868d96edfb: ms-toolsai.jupyter
[2021-09-11 00:38:02.939] [sharedprocess] [info] Renamed to /home/hieund/.vscode/extensions/ms-toolsai.jupyter-2021.8.2041215044
[2021-09-11 00:38:02.973] [sharedprocess] [info] Extracting completed. ms-toolsai.jupyter
[2021-09-11 00:38:09.594] [sharedprocess] [info] Extracted extension to /home/hieund/.vscode/extensions/.46e46e3d-2395-4d40-a466-7872932fa000: ms-python.python
[2021-09-11 00:38:09.607] [sharedprocess] [info] Renamed to /home/hieund/.vscode/extensions/ms-python.python-2021.9.1218897484
[2021-09-11 00:38:09.611] [sharedprocess] [info] Extracting completed. ms-python.python
[2021-09-11 00:38:17.705] [sharedprocess] [info] Downloaded extension: ms-python.vscode-pylance /home/hieund/.config/Code/CachedExtensionVSIXs/ms-python.vscode-pylance-2021.9.1
[2021-09-11 00:38:22.935] [sharedprocess] [info] Extracted extension to /home/hieund/.vscode/extensions/.b5300d6d-e3e3-4c52-9af8-1556ff7da62d: ms-python.vscode-pylance
[2021-09-11 00:38:22.997] [sharedprocess] [info] Renamed to /home/hieund/.vscode/extensions/ms-python.vscode-pylance-2021.9.1
[2021-09-11 00:38:22.999] [sharedprocess] [info] Extracting completed. ms-python.vscode-pylance
[2021-09-11 00:38:23.019] [sharedprocess] [info] Extension installed successfully: ms-toolsai.jupyter-keymap
[2021-09-11 00:38:23.019] [sharedprocess] [info] Extension installed successfully: ms-toolsai.jupyter
[2021-09-11 00:38:23.019] [sharedprocess] [info] Extension installed successfully: ms-python.python
[2021-09-11 00:38:23.023] [sharedprocess] [info] Extension installed successfully: ms-python.vscode-pylance
