User belongs to experiment group 'pythonaacf'
User belongs to experiment group 'pythonJediLSP'
User belongs to experiment group 'pythonDiscoveryModuleWithoutWatcher'
User belongs to experiment group 'pythonTensorboardExperiment'
User belongs to experiment group 'PythonPyTorchProfiler'
User belongs to experiment group 'pythonDeprecatePythonPath'
User belongs to experiment group 'pythonSortEnvs'
User belongs to experiment group 'pythonRunFailedTestsButtonDisplayed'
User belongs to experiment group 'pythonRefreshTestsButtonDisplayedcf'
User belongs to experiment group 'pythonRememberDebugConfig'
Error 2021-09-11 10:04:35: Failed to check if file needs to be fixed [EntryNotFound (FileSystemError): Unable to read file '/home/hieund/.config/Code/User/settings.json' (Error: Unable to resolve non-existing file '/home/hieund/.config/Code/User/settings.json')
	at _handleError (/opt/visual-studio-code/resources/app/out/vs/workbench/services/extensions/node/extensionHostProcess.js:94:160087)
	at processTicksAndRejections (internal/process/task_queues.js:93:5)
	at async y.readText (/home/hieund/.vscode/extensions/ms-python.python-2021.9.1218897484/out/client/extension.js:9:314351)
	at async p.doesFileNeedToBeFixed (/home/hieund/.vscode/extensions/ms-python.python-2021.9.1218897484/out/client/extension.js:59:823854)
	at async /home/hieund/.vscode/extensions/ms-python.python-2021.9.1218897484/out/client/extension.js:59:822981
	at async Promise.all (index 0)
	at async p.getFilesToBeFixed (/home/hieund/.vscode/extensions/ms-python.python-2021.9.1218897484/out/client/extension.js:59:822927)
	at async p.updateTestSettings (/home/hieund/.vscode/extensions/ms-python.python-2021.9.1218897484/out/client/extension.js:59:822554)] {
  code: 'FileNotFound'
}
Error 2021-09-11 10:04:35: Failed to check if file needs to be fixed [EntryNotFound (FileSystemError): Unable to read file '/home/hieund/Desktop/task/.vscode/settings.json' (Error: Unable to resolve non-existing file '/home/hieund/Desktop/task/.vscode/settings.json')
	at _handleError (/opt/visual-studio-code/resources/app/out/vs/workbench/services/extensions/node/extensionHostProcess.js:94:160087)
	at processTicksAndRejections (internal/process/task_queues.js:93:5)
	at async y.readText (/home/hieund/.vscode/extensions/ms-python.python-2021.9.1218897484/out/client/extension.js:9:314351)
	at async p.doesFileNeedToBeFixed (/home/hieund/.vscode/extensions/ms-python.python-2021.9.1218897484/out/client/extension.js:59:823854)
	at async /home/hieund/.vscode/extensions/ms-python.python-2021.9.1218897484/out/client/extension.js:59:822981
	at async Promise.all (index 1)
	at async p.getFilesToBeFixed (/home/hieund/.vscode/extensions/ms-python.python-2021.9.1218897484/out/client/extension.js:59:822927)
	at async p.updateTestSettings (/home/hieund/.vscode/extensions/ms-python.python-2021.9.1218897484/out/client/extension.js:59:822554)] {
  code: 'FileNotFound'
}
Starting Pylance language server.
Python interpreter path: /bin/python
> conda --version
Error 2021-09-11 10:45:42: Error while running worker[Worker 2]. undefined
Error 2021-09-11 10:45:42: Error while running worker[Worker 1]. undefined
