[2021-09-11 10:04:25.685] [exthost] [info] extension host started
[2021-09-11 10:04:25.685] [exthost] [info] Skipping acquiring lock for /home/hieund/.config/Code/User/workspaceStorage/6a6a210bca05a381bd05bc94f8e64efa.
[2021-09-11 10:04:26.852] [exthost] [info] ExtensionService#_doActivateExtension vscode.microsoft-authentication {"startup":false,"extensionId":{"value":"vscode.microsoft-authentication","_lower":"vscode.microsoft-authentication"},"activationEvent":"onAuthenticationRequest:microsoft"}
[2021-09-11 10:04:26.853] [exthost] [info] ExtensionService#loadCommonJSModule file:///opt/visual-studio-code/resources/app/extensions/microsoft-authentication/dist/extension.js
[2021-09-11 10:04:26.952] [exthost] [info] ExtensionService#_doActivateExtension ms-python.python {"startup":false,"extensionId":{"value":"ms-python.vscode-pylance","_lower":"ms-python.vscode-pylance"},"activationEvent":"onLanguage:python"}
[2021-09-11 10:04:26.952] [exthost] [info] ExtensionService#loadCommonJSModule file:///home/hieund/.vscode/extensions/ms-python.python-2021.9.1218897484/out/client/extension
[2021-09-11 10:04:27.852] [exthost] [info] ExtensionService#_doActivateExtension ms-toolsai.jupyter {"startup":false,"extensionId":{"value":"ms-toolsai.jupyter","_lower":"ms-toolsai.jupyter"},"activationEvent":"onLanguage:python"}
[2021-09-11 10:04:27.853] [exthost] [info] ExtensionService#loadCommonJSModule file:///home/hieund/.vscode/extensions/ms-toolsai.jupyter-2021.8.2041215044/out/client/extension
[2021-09-11 10:04:28.542] [exthost] [info] ExtensionService#_doActivateExtension vscode.debug-auto-launch {"startup":true,"extensionId":{"value":"vscode.debug-auto-launch","_lower":"vscode.debug-auto-launch"},"activationEvent":"*"}
[2021-09-11 10:04:28.542] [exthost] [info] ExtensionService#loadCommonJSModule file:///opt/visual-studio-code/resources/app/extensions/debug-auto-launch/dist/extension
[2021-09-11 10:04:28.779] [exthost] [info] ExtensionService#_doActivateExtension vscode.git {"startup":true,"extensionId":{"value":"vscode.github","_lower":"vscode.github"},"activationEvent":"*"}
[2021-09-11 10:04:28.779] [exthost] [info] ExtensionService#loadCommonJSModule file:///opt/visual-studio-code/resources/app/extensions/git/dist/main
[2021-09-11 10:04:31.773] [exthost] [info] ExtensionService#_doActivateExtension vscode.github {"startup":true,"extensionId":{"value":"vscode.github","_lower":"vscode.github"},"activationEvent":"*"}
[2021-09-11 10:04:31.773] [exthost] [info] ExtensionService#loadCommonJSModule file:///opt/visual-studio-code/resources/app/extensions/github/dist/extension.js
[2021-09-11 10:04:32.489] [exthost] [info] ExtensionService#_doActivateExtension ms-python.vscode-pylance {"startup":false,"extensionId":{"value":"ms-python.vscode-pylance","_lower":"ms-python.vscode-pylance"},"activationEvent":"onLanguage:python"}
[2021-09-11 10:04:32.490] [exthost] [info] ExtensionService#loadCommonJSModule file:///home/hieund/.vscode/extensions/ms-python.vscode-pylance-2021.9.1/dist/extension.bundle.js
[2021-09-11 10:04:33.819] [exthost] [info] ExtensionService#_doActivateExtension ms-vscode.js-debug {"startup":false,"extensionId":{"value":"ms-vscode.js-debug","_lower":"ms-vscode.js-debug"},"activationEvent":"onCommand:extension.js-debug.clearAutoAttachVariables"}
[2021-09-11 10:04:33.819] [exthost] [info] ExtensionService#loadCommonJSModule file:///opt/visual-studio-code/resources/app/extensions/ms-vscode.js-debug/src/extension.js
[2021-09-11 10:04:34.278] [exthost] [info] eager extensions activated
[2021-09-11 10:04:34.345] [exthost] [info] ExtensionService#_doActivateExtension vscode.github-authentication {"startup":false,"extensionId":{"value":"vscode.github-authentication","_lower":"vscode.github-authentication"},"activationEvent":"onAuthenticationRequest:github"}
[2021-09-11 10:04:34.345] [exthost] [info] ExtensionService#loadCommonJSModule file:///opt/visual-studio-code/resources/app/extensions/github-authentication/dist/extension.js
[2021-09-11 10:04:34.426] [exthost] [info] ExtensionService#_doActivateExtension vscode.emmet {"startup":false,"extensionId":{"value":"vscode.emmet","_lower":"vscode.emmet"},"activationEvent":"onStartupFinished"}
[2021-09-11 10:04:34.426] [exthost] [info] ExtensionService#loadCommonJSModule file:///opt/visual-studio-code/resources/app/extensions/emmet/dist/node/emmetNodeMain
[2021-09-11 10:04:34.477] [exthost] [info] ExtensionService#_doActivateExtension vscode.merge-conflict {"startup":false,"extensionId":{"value":"vscode.merge-conflict","_lower":"vscode.merge-conflict"},"activationEvent":"onStartupFinished"}
[2021-09-11 10:04:34.477] [exthost] [info] ExtensionService#loadCommonJSModule file:///opt/visual-studio-code/resources/app/extensions/merge-conflict/dist/mergeConflictMain
[2021-09-11 10:04:38.630] [exthost] [error] [ms-python.python] provider FAILED
[2021-09-11 10:04:38.630] [exthost] [error] Canceled: Canceled
	at _.makeCancelError (/home/hieund/.vscode/extensions/ms-python.python-2021.9.1218897484/out/client/extension.js:9:152754)
	at _.handleFailedRequest (/home/hieund/.vscode/extensions/ms-python.python-2021.9.1218897484/out/client/extension.js:9:152605)
	at /home/hieund/.vscode/extensions/ms-python.python-2021.9.1218897484/out/client/extension.js:9:112947
	at async g.provideHover (/opt/visual-studio-code/resources/app/out/vs/workbench/services/extensions/node/extensionHostProcess.js:94:166317)
[2021-09-11 10:04:40.290] [exthost] [error] [ms-python.python] provider FAILED
[2021-09-11 10:04:40.290] [exthost] [error] Canceled: Canceled
	at _.makeCancelError (/home/hieund/.vscode/extensions/ms-python.python-2021.9.1218897484/out/client/extension.js:9:152754)
	at _.handleFailedRequest (/home/hieund/.vscode/extensions/ms-python.python-2021.9.1218897484/out/client/extension.js:9:152605)
	at /home/hieund/.vscode/extensions/ms-python.python-2021.9.1218897484/out/client/extension.js:9:112947
	at async g.provideHover (/opt/visual-studio-code/resources/app/out/vs/workbench/services/extensions/node/extensionHostProcess.js:94:166317)
[2021-09-11 10:04:46.415] [exthost] [error] [ms-python.python] provider FAILED
[2021-09-11 10:04:46.415] [exthost] [error] Canceled: Canceled
	at _.makeCancelError (/home/hieund/.vscode/extensions/ms-python.python-2021.9.1218897484/out/client/extension.js:9:152754)
	at _.handleFailedRequest (/home/hieund/.vscode/extensions/ms-python.python-2021.9.1218897484/out/client/extension.js:9:152605)
	at /home/hieund/.vscode/extensions/ms-python.python-2021.9.1218897484/out/client/extension.js:9:112947
	at async g.provideHover (/opt/visual-studio-code/resources/app/out/vs/workbench/services/extensions/node/extensionHostProcess.js:94:166317)
[2021-09-11 10:05:02.797] [exthost] [error] [ms-python.python] provider FAILED
[2021-09-11 10:05:02.797] [exthost] [error] Canceled: Canceled
	at _.makeCancelError (/home/hieund/.vscode/extensions/ms-python.python-2021.9.1218897484/out/client/extension.js:9:152754)
	at _.handleFailedRequest (/home/hieund/.vscode/extensions/ms-python.python-2021.9.1218897484/out/client/extension.js:9:152605)
	at /home/hieund/.vscode/extensions/ms-python.python-2021.9.1218897484/out/client/extension.js:9:112947
	at async g.provideHover (/opt/visual-studio-code/resources/app/out/vs/workbench/services/extensions/node/extensionHostProcess.js:94:166317)
[2021-09-11 10:45:42.873] [exthost] [info] extension host terminating: renderer closed the socket
[2021-09-11 10:45:43.959] [exthost] [info] exiting with code 0
