[2021-09-11 07:44:45.749] [exthost] [info] extension host started
[2021-09-11 07:44:45.866] [exthost] [info] ExtensionService#_doActivateExtension vscode.microsoft-authentication {"startup":false,"extensionId":{"value":"vscode.microsoft-authentication","_lower":"vscode.microsoft-authentication"},"activationEvent":"onAuthenticationRequest:microsoft"}
[2021-09-11 07:44:45.866] [exthost] [info] ExtensionService#loadCommonJSModule file:///opt/visual-studio-code/resources/app/extensions/microsoft-authentication/dist/extension.js
[2021-09-11 07:44:45.923] [exthost] [info] ExtensionService#_doActivateExtension vscode.debug-auto-launch {"startup":true,"extensionId":{"value":"vscode.debug-auto-launch","_lower":"vscode.debug-auto-launch"},"activationEvent":"*"}
[2021-09-11 07:44:45.923] [exthost] [info] ExtensionService#loadCommonJSModule file:///opt/visual-studio-code/resources/app/extensions/debug-auto-launch/dist/extension
[2021-09-11 07:44:45.952] [exthost] [info] ExtensionService#_doActivateExtension vscode.git {"startup":true,"extensionId":{"value":"vscode.github","_lower":"vscode.github"},"activationEvent":"*"}
[2021-09-11 07:44:45.952] [exthost] [info] ExtensionService#loadCommonJSModule file:///opt/visual-studio-code/resources/app/extensions/git/dist/main
[2021-09-11 07:44:46.302] [exthost] [info] ExtensionService#_doActivateExtension ms-vscode.js-debug {"startup":false,"extensionId":{"value":"ms-vscode.js-debug","_lower":"ms-vscode.js-debug"},"activationEvent":"onCommand:extension.js-debug.clearAutoAttachVariables"}
[2021-09-11 07:44:46.302] [exthost] [info] ExtensionService#loadCommonJSModule file:///opt/visual-studio-code/resources/app/extensions/ms-vscode.js-debug/src/extension.js
[2021-09-11 07:44:47.066] [exthost] [info] ExtensionService#_doActivateExtension vscode.github {"startup":true,"extensionId":{"value":"vscode.github","_lower":"vscode.github"},"activationEvent":"*"}
[2021-09-11 07:44:47.073] [exthost] [info] ExtensionService#loadCommonJSModule file:///opt/visual-studio-code/resources/app/extensions/github/dist/extension.js
[2021-09-11 07:44:47.169] [exthost] [info] eager extensions activated
[2021-09-11 07:44:47.176] [exthost] [info] ExtensionService#_doActivateExtension vscode.emmet {"startup":false,"extensionId":{"value":"vscode.emmet","_lower":"vscode.emmet"},"activationEvent":"onStartupFinished"}
[2021-09-11 07:44:47.176] [exthost] [info] ExtensionService#loadCommonJSModule file:///opt/visual-studio-code/resources/app/extensions/emmet/dist/node/emmetNodeMain
[2021-09-11 07:44:49.763] [exthost] [info] ExtensionService#_doActivateExtension vscode.merge-conflict {"startup":false,"extensionId":{"value":"vscode.merge-conflict","_lower":"vscode.merge-conflict"},"activationEvent":"onStartupFinished"}
[2021-09-11 07:44:49.763] [exthost] [info] ExtensionService#loadCommonJSModule file:///opt/visual-studio-code/resources/app/extensions/merge-conflict/dist/mergeConflictMain
[2021-09-11 07:44:49.805] [exthost] [info] ExtensionService#_doActivateExtension vscode.github-authentication {"startup":false,"extensionId":{"value":"vscode.github-authentication","_lower":"vscode.github-authentication"},"activationEvent":"onAuthenticationRequest:github"}
[2021-09-11 07:44:49.805] [exthost] [info] ExtensionService#loadCommonJSModule file:///opt/visual-studio-code/resources/app/extensions/github-authentication/dist/extension.js
[2021-09-11 07:45:56.455] [exthost] [info] extension host terminating: renderer closed the socket
[2021-09-11 07:45:57.547] [exthost] [info] exiting with code 0
[2021-09-11 07:45:59.784] [exthost] [info] extension host started
[2021-09-11 07:45:59.784] [exthost] [info] Skipping acquiring lock for /home/hieund/.config/Code/User/workspaceStorage/6a6a210bca05a381bd05bc94f8e64efa.
[2021-09-11 07:45:59.987] [exthost] [info] ExtensionService#_doActivateExtension vscode.microsoft-authentication {"startup":false,"extensionId":{"value":"vscode.microsoft-authentication","_lower":"vscode.microsoft-authentication"},"activationEvent":"onAuthenticationRequest:microsoft"}
[2021-09-11 07:45:59.988] [exthost] [info] ExtensionService#loadCommonJSModule file:///opt/visual-studio-code/resources/app/extensions/microsoft-authentication/dist/extension.js
[2021-09-11 07:46:00.023] [exthost] [info] ExtensionService#_doActivateExtension vscode.debug-auto-launch {"startup":true,"extensionId":{"value":"vscode.debug-auto-launch","_lower":"vscode.debug-auto-launch"},"activationEvent":"*"}
[2021-09-11 07:46:00.023] [exthost] [info] ExtensionService#loadCommonJSModule file:///opt/visual-studio-code/resources/app/extensions/debug-auto-launch/dist/extension
[2021-09-11 07:46:00.032] [exthost] [info] ExtensionService#_doActivateExtension vscode.git {"startup":true,"extensionId":{"value":"vscode.github","_lower":"vscode.github"},"activationEvent":"*"}
[2021-09-11 07:46:00.032] [exthost] [info] ExtensionService#loadCommonJSModule file:///opt/visual-studio-code/resources/app/extensions/git/dist/main
[2021-09-11 07:46:00.376] [exthost] [info] ExtensionService#_doActivateExtension vscode.github {"startup":true,"extensionId":{"value":"vscode.github","_lower":"vscode.github"},"activationEvent":"*"}
[2021-09-11 07:46:00.376] [exthost] [info] ExtensionService#loadCommonJSModule file:///opt/visual-studio-code/resources/app/extensions/github/dist/extension.js
[2021-09-11 07:46:00.591] [exthost] [info] eager extensions activated
[2021-09-11 07:46:00.736] [exthost] [info] ExtensionService#_doActivateExtension ms-vscode.js-debug {"startup":false,"extensionId":{"value":"ms-vscode.js-debug","_lower":"ms-vscode.js-debug"},"activationEvent":"onCommand:extension.js-debug.clearAutoAttachVariables"}
[2021-09-11 07:46:00.736] [exthost] [info] ExtensionService#loadCommonJSModule file:///opt/visual-studio-code/resources/app/extensions/ms-vscode.js-debug/src/extension.js
[2021-09-11 07:46:01.183] [exthost] [info] ExtensionService#_doActivateExtension vscode.emmet {"startup":false,"extensionId":{"value":"vscode.emmet","_lower":"vscode.emmet"},"activationEvent":"onStartupFinished"}
[2021-09-11 07:46:01.183] [exthost] [info] ExtensionService#loadCommonJSModule file:///opt/visual-studio-code/resources/app/extensions/emmet/dist/node/emmetNodeMain
[2021-09-11 07:46:01.258] [exthost] [info] ExtensionService#_doActivateExtension vscode.merge-conflict {"startup":false,"extensionId":{"value":"vscode.merge-conflict","_lower":"vscode.merge-conflict"},"activationEvent":"onStartupFinished"}
[2021-09-11 07:46:01.258] [exthost] [info] ExtensionService#loadCommonJSModule file:///opt/visual-studio-code/resources/app/extensions/merge-conflict/dist/mergeConflictMain
[2021-09-11 07:46:01.540] [exthost] [info] ExtensionService#_doActivateExtension vscode.github-authentication {"startup":false,"extensionId":{"value":"vscode.github-authentication","_lower":"vscode.github-authentication"},"activationEvent":"onAuthenticationRequest:github"}
[2021-09-11 07:46:01.540] [exthost] [info] ExtensionService#loadCommonJSModule file:///opt/visual-studio-code/resources/app/extensions/github-authentication/dist/extension.js
[2021-09-11 07:46:01.848] [exthost] [info] ExtensionService#_doActivateExtension ms-python.python {"startup":false,"extensionId":{"value":"ms-python.vscode-pylance","_lower":"ms-python.vscode-pylance"},"activationEvent":"onLanguage:python"}
[2021-09-11 07:46:01.848] [exthost] [info] ExtensionService#loadCommonJSModule file:///home/hieund/.vscode/extensions/ms-python.python-2021.9.1218897484/out/client/extension
[2021-09-11 07:46:02.839] [exthost] [info] ExtensionService#_doActivateExtension ms-toolsai.jupyter {"startup":false,"extensionId":{"value":"ms-toolsai.jupyter","_lower":"ms-toolsai.jupyter"},"activationEvent":"onLanguage:python"}
[2021-09-11 07:46:02.839] [exthost] [info] ExtensionService#loadCommonJSModule file:///home/hieund/.vscode/extensions/ms-toolsai.jupyter-2021.8.2041215044/out/client/extension
[2021-09-11 07:46:04.766] [exthost] [info] ExtensionService#_doActivateExtension ms-python.vscode-pylance {"startup":false,"extensionId":{"value":"ms-python.vscode-pylance","_lower":"ms-python.vscode-pylance"},"activationEvent":"onLanguage:python"}
[2021-09-11 07:46:04.766] [exthost] [info] ExtensionService#loadCommonJSModule file:///home/hieund/.vscode/extensions/ms-python.vscode-pylance-2021.9.1/dist/extension.bundle.js
[2021-09-11 07:46:14.708] [exthost] [error] [ms-python.python] provider FAILED
[2021-09-11 07:46:14.708] [exthost] [error] Canceled: Canceled
	at _.makeCancelError (/home/hieund/.vscode/extensions/ms-python.python-2021.9.1218897484/out/client/extension.js:9:152754)
	at _.handleFailedRequest (/home/hieund/.vscode/extensions/ms-python.python-2021.9.1218897484/out/client/extension.js:9:152605)
	at /home/hieund/.vscode/extensions/ms-python.python-2021.9.1218897484/out/client/extension.js:9:112947
	at async g.provideHover (/opt/visual-studio-code/resources/app/out/vs/workbench/services/extensions/node/extensionHostProcess.js:94:166317)
[2021-09-11 07:46:19.839] [exthost] [error] [ms-python.python] provider FAILED
[2021-09-11 07:46:19.839] [exthost] [error] Canceled: Canceled
	at _.makeCancelError (/home/hieund/.vscode/extensions/ms-python.python-2021.9.1218897484/out/client/extension.js:9:152754)
	at _.handleFailedRequest (/home/hieund/.vscode/extensions/ms-python.python-2021.9.1218897484/out/client/extension.js:9:152605)
	at /home/hieund/.vscode/extensions/ms-python.python-2021.9.1218897484/out/client/extension.js:9:112947
	at async g.provideHover (/opt/visual-studio-code/resources/app/out/vs/workbench/services/extensions/node/extensionHostProcess.js:94:166317)
[2021-09-11 07:48:04.857] [exthost] [error] [ms-python.python] provider FAILED
[2021-09-11 07:48:04.857] [exthost] [error] Canceled: Canceled
	at _.makeCancelError (/home/hieund/.vscode/extensions/ms-python.python-2021.9.1218897484/out/client/extension.js:9:152754)
	at _.handleFailedRequest (/home/hieund/.vscode/extensions/ms-python.python-2021.9.1218897484/out/client/extension.js:9:152605)
	at /home/hieund/.vscode/extensions/ms-python.python-2021.9.1218897484/out/client/extension.js:9:120466
	at async S.provideCodeActions (/opt/visual-studio-code/resources/app/out/vs/workbench/services/extensions/node/extensionHostProcess.js:94:168622)
[2021-09-11 07:48:45.263] [exthost] [warning] ms-python.python - Code actions of kind 'quickfix 'requested but returned code action is of kind 'refactor.extract'. Code action will be dropped. Please check 'CodeActionContext.only' to only return requested code actions.
[2021-09-11 07:48:45.263] [exthost] [warning] ms-python.python - Code actions of kind 'quickfix 'requested but returned code action is of kind 'refactor.extract'. Code action will be dropped. Please check 'CodeActionContext.only' to only return requested code actions.
[2021-09-11 07:48:45.997] [exthost] [error] [ms-python.python] provider FAILED
[2021-09-11 07:48:45.997] [exthost] [error] Canceled: Canceled
	at _.makeCancelError (/home/hieund/.vscode/extensions/ms-python.python-2021.9.1218897484/out/client/extension.js:9:152754)
	at _.handleFailedRequest (/home/hieund/.vscode/extensions/ms-python.python-2021.9.1218897484/out/client/extension.js:9:152605)
	at /home/hieund/.vscode/extensions/ms-python.python-2021.9.1218897484/out/client/extension.js:9:120466
	at async S.provideCodeActions (/opt/visual-studio-code/resources/app/out/vs/workbench/services/extensions/node/extensionHostProcess.js:94:168622)
[2021-09-11 07:49:30.354] [exthost] [error] [ms-python.python] provider FAILED
[2021-09-11 07:49:30.354] [exthost] [error] Canceled: Canceled
	at _.makeCancelError (/home/hieund/.vscode/extensions/ms-python.python-2021.9.1218897484/out/client/extension.js:9:152754)
	at _.handleFailedRequest (/home/hieund/.vscode/extensions/ms-python.python-2021.9.1218897484/out/client/extension.js:9:152605)
	at /home/hieund/.vscode/extensions/ms-python.python-2021.9.1218897484/out/client/extension.js:9:112947
	at async g.provideHover (/opt/visual-studio-code/resources/app/out/vs/workbench/services/extensions/node/extensionHostProcess.js:94:166317)
[2021-09-11 07:53:51.712] [exthost] [info] extension host terminating: renderer closed the socket
[2021-09-11 07:53:52.814] [exthost] [info] exiting with code 0
