[2021-09-11 08:17:45.454] [exthost] [info] extension host started
[2021-09-11 08:17:45.454] [exthost] [info] Skipping acquiring lock for /home/hieund/.config/Code/User/workspaceStorage/6a6a210bca05a381bd05bc94f8e64efa.
[2021-09-11 08:17:46.423] [exthost] [info] ExtensionService#_doActivateExtension vscode.microsoft-authentication {"startup":false,"extensionId":{"value":"vscode.microsoft-authentication","_lower":"vscode.microsoft-authentication"},"activationEvent":"onAuthenticationRequest:microsoft"}
[2021-09-11 08:17:46.424] [exthost] [info] ExtensionService#loadCommonJSModule file:///opt/visual-studio-code/resources/app/extensions/microsoft-authentication/dist/extension.js
[2021-09-11 08:17:46.482] [exthost] [info] ExtensionService#_doActivateExtension ms-python.python {"startup":false,"extensionId":{"value":"ms-python.vscode-pylance","_lower":"ms-python.vscode-pylance"},"activationEvent":"onLanguage:python"}
[2021-09-11 08:17:46.482] [exthost] [info] ExtensionService#loadCommonJSModule file:///home/hieund/.vscode/extensions/ms-python.python-2021.9.1218897484/out/client/extension
[2021-09-11 08:17:46.917] [exthost] [info] ExtensionService#_doActivateExtension ms-toolsai.jupyter {"startup":false,"extensionId":{"value":"ms-toolsai.jupyter","_lower":"ms-toolsai.jupyter"},"activationEvent":"onLanguage:python"}
[2021-09-11 08:17:46.917] [exthost] [info] ExtensionService#loadCommonJSModule file:///home/hieund/.vscode/extensions/ms-toolsai.jupyter-2021.8.2041215044/out/client/extension
[2021-09-11 08:17:47.491] [exthost] [info] ExtensionService#_doActivateExtension vscode.debug-auto-launch {"startup":true,"extensionId":{"value":"vscode.debug-auto-launch","_lower":"vscode.debug-auto-launch"},"activationEvent":"*"}
[2021-09-11 08:17:47.491] [exthost] [info] ExtensionService#loadCommonJSModule file:///opt/visual-studio-code/resources/app/extensions/debug-auto-launch/dist/extension
[2021-09-11 08:17:47.514] [exthost] [info] ExtensionService#_doActivateExtension vscode.git {"startup":true,"extensionId":{"value":"vscode.github","_lower":"vscode.github"},"activationEvent":"*"}
[2021-09-11 08:17:47.514] [exthost] [info] ExtensionService#loadCommonJSModule file:///opt/visual-studio-code/resources/app/extensions/git/dist/main
[2021-09-11 08:17:48.269] [exthost] [info] ExtensionService#_doActivateExtension vscode.github {"startup":true,"extensionId":{"value":"vscode.github","_lower":"vscode.github"},"activationEvent":"*"}
[2021-09-11 08:17:48.281] [exthost] [info] ExtensionService#loadCommonJSModule file:///opt/visual-studio-code/resources/app/extensions/github/dist/extension.js
[2021-09-11 08:17:48.311] [exthost] [info] eager extensions activated
[2021-09-11 08:17:48.342] [exthost] [info] ExtensionService#_doActivateExtension ms-vscode.js-debug {"startup":false,"extensionId":{"value":"ms-vscode.js-debug","_lower":"ms-vscode.js-debug"},"activationEvent":"onCommand:extension.js-debug.clearAutoAttachVariables"}
[2021-09-11 08:17:48.342] [exthost] [info] ExtensionService#loadCommonJSModule file:///opt/visual-studio-code/resources/app/extensions/ms-vscode.js-debug/src/extension.js
[2021-09-11 08:17:48.675] [exthost] [info] ExtensionService#_doActivateExtension vscode.emmet {"startup":false,"extensionId":{"value":"vscode.emmet","_lower":"vscode.emmet"},"activationEvent":"onStartupFinished"}
[2021-09-11 08:17:48.675] [exthost] [info] ExtensionService#loadCommonJSModule file:///opt/visual-studio-code/resources/app/extensions/emmet/dist/node/emmetNodeMain
[2021-09-11 08:17:48.693] [exthost] [info] ExtensionService#_doActivateExtension vscode.merge-conflict {"startup":false,"extensionId":{"value":"vscode.merge-conflict","_lower":"vscode.merge-conflict"},"activationEvent":"onStartupFinished"}
[2021-09-11 08:17:48.693] [exthost] [info] ExtensionService#loadCommonJSModule file:///opt/visual-studio-code/resources/app/extensions/merge-conflict/dist/mergeConflictMain
[2021-09-11 08:17:50.187] [exthost] [info] ExtensionService#_doActivateExtension ms-python.vscode-pylance {"startup":false,"extensionId":{"value":"ms-python.vscode-pylance","_lower":"ms-python.vscode-pylance"},"activationEvent":"onLanguage:python"}
[2021-09-11 08:17:50.188] [exthost] [info] ExtensionService#loadCommonJSModule file:///home/hieund/.vscode/extensions/ms-python.vscode-pylance-2021.9.1/dist/extension.bundle.js
[2021-09-11 08:17:50.492] [exthost] [info] ExtensionService#_doActivateExtension vscode.github-authentication {"startup":false,"extensionId":{"value":"vscode.github-authentication","_lower":"vscode.github-authentication"},"activationEvent":"onAuthenticationRequest:github"}
[2021-09-11 08:17:50.492] [exthost] [info] ExtensionService#loadCommonJSModule file:///opt/visual-studio-code/resources/app/extensions/github-authentication/dist/extension.js
[2021-09-11 08:17:56.413] [exthost] [error] [ms-python.python] provider FAILED
[2021-09-11 08:17:56.413] [exthost] [error] Canceled: Canceled
	at _.makeCancelError (/home/hieund/.vscode/extensions/ms-python.python-2021.9.1218897484/out/client/extension.js:9:152754)
	at _.handleFailedRequest (/home/hieund/.vscode/extensions/ms-python.python-2021.9.1218897484/out/client/extension.js:9:152605)
	at /home/hieund/.vscode/extensions/ms-python.python-2021.9.1218897484/out/client/extension.js:9:112947
	at async g.provideHover (/opt/visual-studio-code/resources/app/out/vs/workbench/services/extensions/node/extensionHostProcess.js:94:166317)
[2021-09-11 08:18:13.310] [exthost] [error] [ms-python.python] provider FAILED
[2021-09-11 08:18:13.310] [exthost] [error] Canceled: Canceled
	at _.makeCancelError (/home/hieund/.vscode/extensions/ms-python.python-2021.9.1218897484/out/client/extension.js:9:152754)
	at _.handleFailedRequest (/home/hieund/.vscode/extensions/ms-python.python-2021.9.1218897484/out/client/extension.js:9:152605)
	at /home/hieund/.vscode/extensions/ms-python.python-2021.9.1218897484/out/client/extension.js:9:120466
	at async S.provideCodeActions (/opt/visual-studio-code/resources/app/out/vs/workbench/services/extensions/node/extensionHostProcess.js:94:168622)
[2021-09-11 08:18:13.340] [exthost] [error] [ms-python.python] provider FAILED
[2021-09-11 08:18:13.341] [exthost] [error] Canceled: Canceled
	at _.makeCancelError (/home/hieund/.vscode/extensions/ms-python.python-2021.9.1218897484/out/client/extension.js:9:152754)
	at _.handleFailedRequest (/home/hieund/.vscode/extensions/ms-python.python-2021.9.1218897484/out/client/extension.js:9:152605)
	at /home/hieund/.vscode/extensions/ms-python.python-2021.9.1218897484/out/client/extension.js:9:112155
	at async $.resolveCompletionItem (/opt/visual-studio-code/resources/app/out/vs/workbench/services/extensions/node/extensionHostProcess.js:94:177637)
[2021-09-11 08:18:21.207] [exthost] [error] [ms-python.python] provider FAILED
[2021-09-11 08:18:21.207] [exthost] [error] Canceled: Canceled
	at _.makeCancelError (/home/hieund/.vscode/extensions/ms-python.python-2021.9.1218897484/out/client/extension.js:9:152754)
	at _.handleFailedRequest (/home/hieund/.vscode/extensions/ms-python.python-2021.9.1218897484/out/client/extension.js:9:152605)
	at /home/hieund/.vscode/extensions/ms-python.python-2021.9.1218897484/out/client/extension.js:9:111759
	at async $.provideCompletionItems (/opt/visual-studio-code/resources/app/out/vs/workbench/services/extensions/node/extensionHostProcess.js:94:176917)
[2021-09-11 08:19:09.865] [exthost] [error] [ms-python.python] provider FAILED
[2021-09-11 08:19:09.865] [exthost] [error] Canceled: Canceled
	at _.makeCancelError (/home/hieund/.vscode/extensions/ms-python.python-2021.9.1218897484/out/client/extension.js:9:152754)
	at _.handleFailedRequest (/home/hieund/.vscode/extensions/ms-python.python-2021.9.1218897484/out/client/extension.js:9:152605)
	at /home/hieund/.vscode/extensions/ms-python.python-2021.9.1218897484/out/client/extension.js:9:112155
	at async $.resolveCompletionItem (/opt/visual-studio-code/resources/app/out/vs/workbench/services/extensions/node/extensionHostProcess.js:94:177637)
[2021-09-11 08:19:22.548] [exthost] [error] [ms-python.python] provider FAILED
[2021-09-11 08:19:22.548] [exthost] [error] Canceled: Canceled
	at _.makeCancelError (/home/hieund/.vscode/extensions/ms-python.python-2021.9.1218897484/out/client/extension.js:9:152754)
	at _.handleFailedRequest (/home/hieund/.vscode/extensions/ms-python.python-2021.9.1218897484/out/client/extension.js:9:152605)
	at /home/hieund/.vscode/extensions/ms-python.python-2021.9.1218897484/out/client/extension.js:9:112155
	at async $.resolveCompletionItem (/opt/visual-studio-code/resources/app/out/vs/workbench/services/extensions/node/extensionHostProcess.js:94:177637)
[2021-09-11 08:19:47.572] [exthost] [error] [ms-python.python] provider FAILED
[2021-09-11 08:19:47.572] [exthost] [error] Canceled: Canceled
	at _.makeCancelError (/home/hieund/.vscode/extensions/ms-python.python-2021.9.1218897484/out/client/extension.js:9:152754)
	at _.handleFailedRequest (/home/hieund/.vscode/extensions/ms-python.python-2021.9.1218897484/out/client/extension.js:9:152605)
	at /home/hieund/.vscode/extensions/ms-python.python-2021.9.1218897484/out/client/extension.js:9:112947
	at async g.provideHover (/opt/visual-studio-code/resources/app/out/vs/workbench/services/extensions/node/extensionHostProcess.js:94:166317)
[2021-09-11 08:19:53.278] [exthost] [error] [ms-python.python] provider FAILED
[2021-09-11 08:19:53.278] [exthost] [error] Canceled: Canceled
	at _.makeCancelError (/home/hieund/.vscode/extensions/ms-python.python-2021.9.1218897484/out/client/extension.js:9:152754)
	at _.handleFailedRequest (/home/hieund/.vscode/extensions/ms-python.python-2021.9.1218897484/out/client/extension.js:9:152605)
	at /home/hieund/.vscode/extensions/ms-python.python-2021.9.1218897484/out/client/extension.js:9:112155
	at async $.resolveCompletionItem (/opt/visual-studio-code/resources/app/out/vs/workbench/services/extensions/node/extensionHostProcess.js:94:177637)
[2021-09-11 08:21:24.446] [exthost] [error] [ms-python.python] provider FAILED
[2021-09-11 08:21:24.447] [exthost] [error] Canceled: Canceled
	at _.makeCancelError (/home/hieund/.vscode/extensions/ms-python.python-2021.9.1218897484/out/client/extension.js:9:152754)
	at _.handleFailedRequest (/home/hieund/.vscode/extensions/ms-python.python-2021.9.1218897484/out/client/extension.js:9:152605)
	at /home/hieund/.vscode/extensions/ms-python.python-2021.9.1218897484/out/client/extension.js:9:112155
	at async $.resolveCompletionItem (/opt/visual-studio-code/resources/app/out/vs/workbench/services/extensions/node/extensionHostProcess.js:94:177637)
[2021-09-11 08:40:33.583] [exthost] [info] extension host terminating: renderer closed the socket
[2021-09-11 08:40:34.681] [exthost] [info] exiting with code 0
